2023-09-15 02:12:49 [NLP] ADD Device eflb0ep1 mac([66 44 54 120 243 174]) attrs(&{5 1500 1000 eflb0ep1 42:2c:36:78:f3:ae broadcast|multicast 4098 2 0 <nil>  0xc000254000 0 0xc000172030 ether <nil> down 0 128 128 65536 65535 [] 0 <nil>}) info recvd
2023-09-15 02:12:49 port add - vlan3809 isPvid false
2023-09-15 02:12:49 port added - vlan3809:10
2023-09-15 02:12:49 vlan 3809 bd created
2023-09-15 02:12:49 port added - eflb0ep1:9
2023-09-15 02:12:49 [NLP] Port eflb0ep1, [66 44 54 120 243 174], false, 1500 add [OK]
2023-09-15 02:12:49 [NLP] ADD Device eflb0ep1 mac([66 44 54 120 243 174]) attrs(&{5 9000 1000 eflb0ep1 42:2c:36:78:f3:ae broadcast|multicast 4098 2 0 <nil>  0xc000254180 0 0xc000172060 ether <nil> down 0 128 128 65536 65535 [] 0 <nil>}) info recvd
2023-09-15 02:12:49 port add - eflb0ep1 exists
2023-09-15 02:12:49 [NLP] Port eflb0ep1, [66 44 54 120 243 174], false, 9000 add failed
port exists
2023-09-15 02:12:49 [NLP] ADD Device eflb0ep1 mac([66 44 54 120 243 174]) attrs(&{5 9000 1000 eflb0ep1 42:2c:36:78:f3:ae up|broadcast|multicast 4099 2 0 <nil>  0xc000254300 0 0xc000172090 ether <nil> lower-layer-down 0 128 128 65536 65535 [] 0 <nil>}) info recvd
2023-09-15 02:12:49 port add - eflb0ep1 exists
2023-09-15 02:12:49 [NLP] Port eflb0ep1, [66 44 54 120 243 174], true, 9000 add failed
port exists
2023-09-15 02:12:49 [NLP] ADD Device eflb0ep1 mac([66 44 54 120 243 174]) attrs(&{5 9000 1000 eflb0ep1 42:2c:36:78:f3:ae up|broadcast|multicast 69699 2 0 <nil>  0xc0036c2180 0 0xc000236138 ether <nil> up 0 128 128 65536 65535 [] 0 <nil>}) info recvd
2023-09-15 02:12:49 port add - eflb0ep1 exists
2023-09-15 02:12:49 [NLP] Port eflb0ep1, [66 44 54 120 243 174], true, 9000 add failed
port exists
2023-09-15 02:12:49 rt added - 31.31.31.0/24:root
2023-09-15 02:12:49 [NLP] Address 31.31.31.254/24 Port eflb0ep1 added
2023-09-15 02:12:49 rt added - 31.31.31.254/32:root
2023-09-15 02:12:49 [NLP] RT  31.31.31.254/32 added
2023-09-15 02:12:49 rt add - 31.31.31.0/24:root exists
2023-09-15 02:12:49 [NLP] RT  31.31.31.0/24 add failed-rt exists
2023-09-15 02:12:49 rt added - 31.31.31.255/32:root
2023-09-15 02:12:49 [NLP] RT  31.31.31.255/32 added
2023-09-15 02:12:49 rt added - ff00::/8:root
2023-09-15 02:12:49 [NLP] RT  ff00::/8 added
2023-09-15 02:12:49 rt add - fe80::/64:root exists
2023-09-15 02:12:49 [NLP] RT  fe80::/64 add failed-rt exists
*xlbnet.PortDpWorkQ {
 "Work": 1,
 "Status": null,
 "OsPortNum": 5,
 "PortNum": 9,
 "IngVlan": 0,
 "SetBD": 3809,
 "SetZoneNum": 1,
 "Prop": 0,
 "SetMirr": 0,
 "SetPol": 0,
 "LoadEbpf": "eflb0ep1"
}


02:12:50 DEBUG xlb_libdp.c:2397: NR 1 PSEC tc_packet_hook0 /opt/fsmxlb/llb_ebpf_main.o
02:12:50 DEBUG xlb_libdp.c:2306: ntc qdisc add dev eflb0ep1 clsact 2>&1 >/dev/null
AUTOLOAD: sec tc_packet_hook1 prog tc_packet_func
AUTOLOAD: sec tc_packet_hook2 prog tc_packet_func_slow
AUTOLOAD: sec tc_packet_hook3 prog tc_packet_func_fw
AUTOLOAD: sec tc_packet_hook4 prog tc_csum_func1
AUTOLOAD: sec tc_packet_hook5 prog tc_csum_func2
AUTOLOAD: sec tc_packet_hook6 prog tc_slow_unp_func
2023-09-15 02:12:50 [NLP] ADD Device eflb0ep2 mac([210 98 198 126 131 64]) attrs(&{6 1500 1000 eflb0ep2 d2:62:c6:7e:83:40 broadcast|multicast 4098 2 0 <nil>  0xc0002546c0 0 0xc0001726f0 ether <nil> down 1 128 128 65536 65535 [] 0 <nil>}) info recvd
2023-09-15 02:12:50 port add - vlan3811 isPvid false
2023-09-15 02:12:50 port added - vlan3811:12
2023-09-15 02:12:50 vlan 3811 bd created
2023-09-15 02:12:50 port added - eflb0ep2:11
2023-09-15 02:12:50 [NLP] Port eflb0ep2, [210 98 198 126 131 64], false, 1500 add [OK]
2023-09-15 02:12:50 [NLP] ADD Device eflb0ep2 mac([210 98 198 126 131 64]) attrs(&{6 9000 1000 eflb0ep2 d2:62:c6:7e:83:40 broadcast|multicast 4098 2 0 <nil>  0xc000254840 0 0xc000172720 ether <nil> down 1 128 128 65536 65535 [] 0 <nil>}) info recvd
2023-09-15 02:12:50 port add - eflb0ep2 exists
2023-09-15 02:12:50 [NLP] Port eflb0ep2, [210 98 198 126 131 64], false, 9000 add failed
port exists
2023-09-15 02:12:50 [NLP] ADD Device eflb0ep2 mac([210 98 198 126 131 64]) attrs(&{6 9000 1000 eflb0ep2 d2:62:c6:7e:83:40 up|broadcast|multicast 4099 2 0 <nil>  0xc0002549c0 0 0xc000172750 ether <nil> lower-layer-down 1 128 128 65536 65535 [] 0 <nil>}) info recvd
2023-09-15 02:12:50 port add - eflb0ep2 exists
2023-09-15 02:12:50 [NLP] Port eflb0ep2, [210 98 198 126 131 64], true, 9000 add failed
port exists
2023-09-15 02:12:50 [NLP] ADD Device eflb0ep2 mac([210 98 198 126 131 64]) attrs(&{6 9000 1000 eflb0ep2 d2:62:c6:7e:83:40 up|broadcast|multicast 69699 2 0 <nil>  0xc000254b40 0 0xc000172810 ether <nil> up 1 128 128 65536 65535 [] 0 <nil>}) info recvd
2023-09-15 02:12:50 port add - eflb0ep2 exists
2023-09-15 02:12:50 [NLP] Port eflb0ep2, [210 98 198 126 131 64], true, 9000 add failed
port exists
2023-09-15 02:12:50 rt added - 32.32.32.0/24:root
2023-09-15 02:12:50 [NLP] Address 32.32.32.254/24 Port eflb0ep2 added
2023-09-15 02:12:50 rt add - fe80::/64:root exists
2023-09-15 02:12:50  - fe80::402c:36ff:fe78:f3ae:eflb0ep1 self-rt error
2023-09-15 02:12:50 [NLP] Address fe80::402c:36ff:fe78:f3ae/64 Port eflb0ep1 add failed
self-route add error
2023-09-15 02:12:50 neigh rtpair - 31.31.31.1/32->31.31.31.1
2023-09-15 02:12:50 rt added - 31.31.31.1/32:root
2023-09-15 02:12:50 added fdb ent, {[162 66 208 167 109 30] 3809}
2023-09-15 02:12:50 neigh added - 31.31.31.1:root (9)
2023-09-15 02:12:50 rt added - 32.32.32.254/32:root
2023-09-15 02:12:50 [NLP] RT  32.32.32.254/32 added
2023-09-15 02:12:50 rt add - 32.32.32.0/24:root exists
2023-09-15 02:12:50 [NLP] RT  32.32.32.0/24 add failed-rt exists
2023-09-15 02:12:50 rt added - 32.32.32.255/32:root
2023-09-15 02:12:50 [NLP] RT  32.32.32.255/32 added
2023-09-15 02:12:50 rt add - ff00::/8:root exists
2023-09-15 02:12:50 [NLP] RT  ff00::/8 add failed-rt exists
2023-09-15 02:12:50 rt add - fe80::/64:root exists
2023-09-15 02:12:50 [NLP] RT  fe80::/64 add failed-rt exists
2023-09-15 02:12:50 rt added - fe80::402c:36ff:fe78:f3ae/128:root
2023-09-15 02:12:50 [NLP] RT  fe80::402c:36ff:fe78:f3ae/128 added
02:12:50 DEBUG xlb_libdp.c:2311: ntc filter add dev eflb0ep1 ingress bpf da obj /opt/fsmxlb/llb_ebpf_main.o sec tc_packet_hook0 2>&1
02:12:50 DEBUG xlb_libdp.c:2164: llb_link_prop_add: IF-eflb0ep1 added idx 3 type 2
2023-09-15 02:12:50 ebpf intfmap added - 5 vlan 0 -> 9
2023-09-15 02:12:50 ebpf txintfmap added - 9 -> 5
*xlbnet.RouteDpWorkQ {
 "Work": 1,
 "Status": 0,
 "ZoneNum": 1,
 "Dst": {
  "IP": "31.31.31.0",
  "Mask": "////AA=="
 },
 "RtType": 4,
 "RtMark": 15,
 "NMark": -1
}


*xlbnet.RouterMacDpWorkQ {
 "Work": 1,
 "Status": 0,
 "L2Addr": [
  66,
  44,
  54,
  120,
  243,
  174
 ],
 "PortNum": 9,
 "BD": 0,
 "TunID": 0,
 "TunType": 0,
 "NhNum": 0
}


*xlbnet.RouteDpWorkQ {
 "Work": 1,
 "Status": 0,
 "ZoneNum": 1,
 "Dst": {
  "IP": "31.31.31.254",
  "Mask": "/////w=="
 },
 "RtType": 4,
 "RtMark": 16,
 "NMark": -1
}


*xlbnet.RouteDpWorkQ {
 "Work": 1,
 "Status": 0,
 "ZoneNum": 1,
 "Dst": {
  "IP": "31.31.31.255",
  "Mask": "/////w=="
 },
 "RtType": 4,
 "RtMark": 17,
 "NMark": -1
}


*xlbnet.RouteDpWorkQ {
 "Work": 1,
 "Status": 0,
 "ZoneNum": 1,
 "Dst": {
  "IP": "ff00::",
  "Mask": "/wAAAAAAAAAAAAAAAAAAAA=="
 },
 "RtType": 4,
 "RtMark": 18,
 "NMark": -1
}


*xlbnet.PortDpWorkQ {
 "Work": 1,
 "Status": null,
 "OsPortNum": 6,
 "PortNum": 11,
 "IngVlan": 0,
 "SetBD": 3811,
 "SetZoneNum": 1,
 "Prop": 0,
 "SetMirr": 0,
 "SetPol": 0,
 "LoadEbpf": "eflb0ep2"
}


02:12:50 DEBUG xlb_libdp.c:2397: NR 1 PSEC tc_packet_hook0 /opt/fsmxlb/llb_ebpf_main.o
02:12:50 DEBUG xlb_libdp.c:2306: ntc qdisc add dev eflb0ep2 clsact 2>&1 >/dev/null
AUTOLOAD: sec tc_packet_hook1 prog tc_packet_func
AUTOLOAD: sec tc_packet_hook2 prog tc_packet_func_slow
AUTOLOAD: sec tc_packet_hook3 prog tc_packet_func_fw
AUTOLOAD: sec tc_packet_hook4 prog tc_csum_func1
AUTOLOAD: sec tc_packet_hook5 prog tc_csum_func2
AUTOLOAD: sec tc_packet_hook6 prog tc_slow_unp_func
02:12:51 DEBUG xlb_libdp.c:2311: ntc filter add dev eflb0ep2 ingress bpf da obj /opt/fsmxlb/llb_ebpf_main.o sec tc_packet_hook0 2>&1
02:12:51 DEBUG xlb_libdp.c:2164: llb_link_prop_add: IF-eflb0ep2 added idx 4 type 2
2023-09-15 02:12:51 ebpf intfmap added - 6 vlan 0 -> 11
2023-09-15 02:12:51 ebpf txintfmap added - 11 -> 6
*xlbnet.RouteDpWorkQ {
 "Work": 1,
 "Status": 0,
 "ZoneNum": 1,
 "Dst": {
  "IP": "32.32.32.0",
  "Mask": "////AA=="
 },
 "RtType": 4,
 "RtMark": 19,
 "NMark": -1
}


*xlbnet.RouterMacDpWorkQ {
 "Work": 1,
 "Status": 0,
 "L2Addr": [
  210,
  98,
  198,
  126,
  131,
  64
 ],
 "PortNum": 11,
 "BD": 0,
 "TunID": 0,
 "TunType": 0,
 "NhNum": 0
}


*xlbnet.NextHopDpWorkQ {
 "Work": 1,
 "Status": 0,
 "TunNh": false,
 "TunID": 0,
 "TunType": 0,
 "RIP": "",
 "SIP": "",
 "NNextHopNum": 0,
 "NextHopNum": 9,
 "Resolved": true,
 "DstAddr": [
  162,
  66,
  208,
  167,
  109,
  30
 ],
 "SrcAddr": [
  66,
  44,
  54,
  120,
  243,
  174
 ],
 "BD": 3809
}


*xlbnet.RouteDpWorkQ {
 "Work": 1,
 "Status": 0,
 "ZoneNum": 1,
 "Dst": {
  "IP": "31.31.31.1",
  "Mask": "/////w=="
 },
 "RtType": 9,
 "RtMark": 20,
 "NMark": 9
}


*xlbnet.L2AddrDpWorkQ {
 "Work": 1,
 "Status": 0,
 "L2Addr": [
  162,
  66,
  208,
  167,
  109,
  30
 ],
 "Tun": 0,
 "NhNum": 0,
 "PortNum": 9,
 "BD": 3809,
 "Tagged": 0
}


*xlbnet.RouteDpWorkQ {
 "Work": 1,
 "Status": 0,
 "ZoneNum": 1,
 "Dst": {
  "IP": "32.32.32.254",
  "Mask": "/////w=="
 },
 "RtType": 4,
 "RtMark": 21,
 "NMark": -1
}


*xlbnet.RouteDpWorkQ {
 "Work": 1,
 "Status": 0,
 "ZoneNum": 1,
 "Dst": {
  "IP": "32.32.32.255",
  "Mask": "/////w=="
 },
 "RtType": 4,
 "RtMark": 22,
 "NMark": -1
}


*xlbnet.RouteDpWorkQ {
 "Work": 1,
 "Status": 0,
 "ZoneNum": 1,
 "Dst": {
  "IP": "fe80::402c:36ff:fe78:f3ae",
  "Mask": "/////////////////////w=="
 },
 "RtType": 4,
 "RtMark": 23,
 "NMark": -1
}


2023-09-15 02:12:51 [NLP] ADD Device eflb0ep3 mac([58 229 154 143 120 195]) attrs(&{7 1500 1000 eflb0ep3 3a:e5:9a:8f:78:c3 broadcast|multicast 4098 2 0 <nil>  0xc000255200 0 0xc000173020 ether <nil> down 2 128 128 65536 65535 [] 0 <nil>}) info recvd
2023-09-15 02:12:51 port add - vlan3813 isPvid false
2023-09-15 02:12:51 port added - vlan3813:14
2023-09-15 02:12:51 vlan 3813 bd created
2023-09-15 02:12:51 port added - eflb0ep3:13
2023-09-15 02:12:51 [NLP] Port eflb0ep3, [58 229 154 143 120 195], false, 1500 add [OK]
2023-09-15 02:12:51 [NLP] ADD Device eflb0ep3 mac([58 229 154 143 120 195]) attrs(&{7 9000 1000 eflb0ep3 3a:e5:9a:8f:78:c3 broadcast|multicast 4098 2 0 <nil>  0xc000255380 0 0xc000173050 ether <nil> down 2 128 128 65536 65535 [] 0 <nil>}) info recvd
2023-09-15 02:12:51 port add - eflb0ep3 exists
2023-09-15 02:12:51 [NLP] Port eflb0ep3, [58 229 154 143 120 195], false, 9000 add failed
port exists
2023-09-15 02:12:51 [NLP] ADD Device eflb0ep3 mac([58 229 154 143 120 195]) attrs(&{7 9000 1000 eflb0ep3 3a:e5:9a:8f:78:c3 up|broadcast|multicast 4099 2 0 <nil>  0xc000255500 0 0xc000173080 ether <nil> lower-layer-down 2 128 128 65536 65535 [] 0 <nil>}) info recvd
2023-09-15 02:12:51 port add - eflb0ep3 exists
2023-09-15 02:12:51 [NLP] Port eflb0ep3, [58 229 154 143 120 195], true, 9000 add failed
port exists
2023-09-15 02:12:51 [NLP] ADD Device eflb0ep3 mac([58 229 154 143 120 195]) attrs(&{7 9000 1000 eflb0ep3 3a:e5:9a:8f:78:c3 up|broadcast|multicast 69699 2 0 <nil>  0xc000255680 0 0xc000173140 ether <nil> up 2 128 128 65536 65535 [] 0 <nil>}) info recvd
2023-09-15 02:12:51 port add - eflb0ep3 exists
2023-09-15 02:12:51 [NLP] Port eflb0ep3, [58 229 154 143 120 195], true, 9000 add failed
port exists
2023-09-15 02:12:51 rt added - 33.33.33.0/24:root
2023-09-15 02:12:51 [NLP] Address 33.33.33.254/24 Port eflb0ep3 added
2023-09-15 02:12:51 neigh rtpair - 32.32.32.1/32->32.32.32.1
2023-09-15 02:12:51 rt added - 32.32.32.1/32:root
2023-09-15 02:12:51 added fdb ent, {[238 102 148 189 209 141] 3811}
2023-09-15 02:12:51 neigh added - 32.32.32.1:root (10)
2023-09-15 02:12:51 rt added - 33.33.33.254/32:root
2023-09-15 02:12:51 [NLP] RT  33.33.33.254/32 added
2023-09-15 02:12:51 rt add - 33.33.33.0/24:root exists
2023-09-15 02:12:51 [NLP] RT  33.33.33.0/24 add failed-rt exists
2023-09-15 02:12:51 rt added - 33.33.33.255/32:root
2023-09-15 02:12:51 [NLP] RT  33.33.33.255/32 added
2023-09-15 02:12:51 rt add - ff00::/8:root exists
2023-09-15 02:12:51 [NLP] RT  ff00::/8 add failed-rt exists
2023-09-15 02:12:51 rt add - fe80::/64:root exists
2023-09-15 02:12:51 [NLP] RT  fe80::/64 add failed-rt exists
*xlbnet.PortDpWorkQ {
 "Work": 1,
 "Status": null,
 "OsPortNum": 7,
 "PortNum": 13,
 "IngVlan": 0,
 "SetBD": 3813,
 "SetZoneNum": 1,
 "Prop": 0,
 "SetMirr": 0,
 "SetPol": 0,
 "LoadEbpf": "eflb0ep3"
}


02:12:52 DEBUG xlb_libdp.c:2397: NR 1 PSEC tc_packet_hook0 /opt/fsmxlb/llb_ebpf_main.o
02:12:52 DEBUG xlb_libdp.c:2306: ntc qdisc add dev eflb0ep3 clsact 2>&1 >/dev/null
AUTOLOAD: sec tc_packet_hook1 prog tc_packet_func
AUTOLOAD: sec tc_packet_hook2 prog tc_packet_func_slow
AUTOLOAD: sec tc_packet_hook3 prog tc_packet_func_fw
AUTOLOAD: sec tc_packet_hook4 prog tc_csum_func1
AUTOLOAD: sec tc_packet_hook5 prog tc_csum_func2
AUTOLOAD: sec tc_packet_hook6 prog tc_slow_unp_func
2023-09-15 02:12:52 [NLP] ADD Device eflb0h1 mac([202 243 112 248 64 151]) attrs(&{8 1500 1000 eflb0h1 ca:f3:70:f8:40:97 broadcast|multicast 4098 2 0 <nil>  0xc000255bc0 0 0xc0001737d0 ether <nil> down 3 128 128 65536 65535 [] 0 <nil>}) info recvd
2023-09-15 02:12:52 port add - vlan3815 isPvid false
2023-09-15 02:12:52 port added - vlan3815:16
2023-09-15 02:12:52 vlan 3815 bd created
2023-09-15 02:12:52 port added - eflb0h1:15
2023-09-15 02:12:52 [NLP] Port eflb0h1, [202 243 112 248 64 151], false, 1500 add [OK]
2023-09-15 02:12:52 [NLP] ADD Device eflb0h1 mac([202 243 112 248 64 151]) attrs(&{8 9000 1000 eflb0h1 ca:f3:70:f8:40:97 broadcast|multicast 4098 2 0 <nil>  0xc000255d40 0 0xc000173800 ether <nil> down 3 128 128 65536 65535 [] 0 <nil>}) info recvd
2023-09-15 02:12:52 port add - eflb0h1 exists
2023-09-15 02:12:52 [NLP] Port eflb0h1, [202 243 112 248 64 151], false, 9000 add failed
port exists
2023-09-15 02:12:52 [NLP] ADD Device eflb0h1 mac([202 243 112 248 64 151]) attrs(&{8 9000 1000 eflb0h1 ca:f3:70:f8:40:97 up|broadcast|multicast 4099 2 0 <nil>  0xc000255ec0 0 0xc000173830 ether <nil> lower-layer-down 3 128 128 65536 65535 [] 0 <nil>}) info recvd
2023-09-15 02:12:52 port add - eflb0h1 exists
2023-09-15 02:12:52 [NLP] Port eflb0h1, [202 243 112 248 64 151], true, 9000 add failed
port exists
2023-09-15 02:12:52 [NLP] ADD Device eflb0h1 mac([202 243 112 248 64 151]) attrs(&{8 9000 1000 eflb0h1 ca:f3:70:f8:40:97 up|broadcast|multicast 69699 2 0 <nil>  0xc00019c0c0 0 0xc0001738f0 ether <nil> up 3 128 128 65536 65535 [] 0 <nil>}) info recvd
2023-09-15 02:12:52 port add - eflb0h1 exists
2023-09-15 02:12:52 [NLP] Port eflb0h1, [202 243 112 248 64 151], true, 9000 add failed
port exists
2023-09-15 02:12:52 rt add - fe80::/64:root exists
2023-09-15 02:12:52  - fe80::d062:c6ff:fe7e:8340:eflb0ep2 self-rt error
2023-09-15 02:12:52 [NLP] Address fe80::d062:c6ff:fe7e:8340/64 Port eflb0ep2 add failed
self-route add error
2023-09-15 02:12:52 rt added - 10.10.10.0/24:root
2023-09-15 02:12:52 [NLP] Address 10.10.10.254/24 Port eflb0h1 added
2023-09-15 02:12:52 neigh rtpair - 33.33.33.1/32->33.33.33.1
2023-09-15 02:12:52 rt added - 33.33.33.1/32:root
2023-09-15 02:12:52 added fdb ent, {[210 233 129 96 191 204] 3813}
2023-09-15 02:12:52 neigh added - 33.33.33.1:root (11)
2023-09-15 02:12:52 rt added - fe80::d062:c6ff:fe7e:8340/128:root
2023-09-15 02:12:52 [NLP] RT  fe80::d062:c6ff:fe7e:8340/128 added
2023-09-15 02:12:52 rt added - 10.10.10.254/32:root
2023-09-15 02:12:52 [NLP] RT  10.10.10.254/32 added
2023-09-15 02:12:52 rt add - 10.10.10.0/24:root exists
2023-09-15 02:12:52 [NLP] RT  10.10.10.0/24 add failed-rt exists
2023-09-15 02:12:52 rt added - 10.10.10.255/32:root
2023-09-15 02:12:52 [NLP] RT  10.10.10.255/32 added
2023-09-15 02:12:52 rt add - ff00::/8:root exists
2023-09-15 02:12:52 [NLP] RT  ff00::/8 add failed-rt exists
2023-09-15 02:12:52 rt add - fe80::/64:root exists
2023-09-15 02:12:52 [NLP] RT  fe80::/64 add failed-rt exists
02:12:52 DEBUG xlb_libdp.c:2311: ntc filter add dev eflb0ep3 ingress bpf da obj /opt/fsmxlb/llb_ebpf_main.o sec tc_packet_hook0 2>&1
02:12:52 DEBUG xlb_libdp.c:2164: llb_link_prop_add: IF-eflb0ep3 added idx 5 type 2
2023-09-15 02:12:52 ebpf intfmap added - 7 vlan 0 -> 13
2023-09-15 02:12:52 ebpf txintfmap added - 13 -> 7
*xlbnet.RouteDpWorkQ {
 "Work": 1,
 "Status": 0,
 "ZoneNum": 1,
 "Dst": {
  "IP": "33.33.33.0",
  "Mask": "////AA=="
 },
 "RtType": 4,
 "RtMark": 24,
 "NMark": -1
}


*xlbnet.RouterMacDpWorkQ {
 "Work": 1,
 "Status": 0,
 "L2Addr": [
  58,
  229,
  154,
  143,
  120,
  195
 ],
 "PortNum": 13,
 "BD": 0,
 "TunID": 0,
 "TunType": 0,
 "NhNum": 0
}


*xlbnet.NextHopDpWorkQ {
 "Work": 1,
 "Status": 0,
 "TunNh": false,
 "TunID": 0,
 "TunType": 0,
 "RIP": "",
 "SIP": "",
 "NNextHopNum": 0,
 "NextHopNum": 10,
 "Resolved": true,
 "DstAddr": [
  238,
  102,
  148,
  189,
  209,
  141
 ],
 "SrcAddr": [
  210,
  98,
  198,
  126,
  131,
  64
 ],
 "BD": 3811
}


*xlbnet.RouteDpWorkQ {
 "Work": 1,
 "Status": 0,
 "ZoneNum": 1,
 "Dst": {
  "IP": "32.32.32.1",
  "Mask": "/////w=="
 },
 "RtType": 9,
 "RtMark": 25,
 "NMark": 10
}


*xlbnet.L2AddrDpWorkQ {
 "Work": 1,
 "Status": 0,
 "L2Addr": [
  238,
  102,
  148,
  189,
  209,
  141
 ],
 "Tun": 0,
 "NhNum": 0,
 "PortNum": 11,
 "BD": 3811,
 "Tagged": 0
}


*xlbnet.RouteDpWorkQ {
 "Work": 1,
 "Status": 0,
 "ZoneNum": 1,
 "Dst": {
  "IP": "33.33.33.254",
  "Mask": "/////w=="
 },
 "RtType": 4,
 "RtMark": 26,
 "NMark": -1
}


*xlbnet.RouteDpWorkQ {
 "Work": 1,
 "Status": 0,
 "ZoneNum": 1,
 "Dst": {
  "IP": "33.33.33.255",
  "Mask": "/////w=="
 },
 "RtType": 4,
 "RtMark": 27,
 "NMark": -1
}


*xlbnet.PortDpWorkQ {
 "Work": 1,
 "Status": null,
 "OsPortNum": 8,
 "PortNum": 15,
 "IngVlan": 0,
 "SetBD": 3815,
 "SetZoneNum": 1,
 "Prop": 0,
 "SetMirr": 0,
 "SetPol": 0,
 "LoadEbpf": "eflb0h1"
}


02:12:52 DEBUG xlb_libdp.c:2397: NR 1 PSEC tc_packet_hook0 /opt/fsmxlb/llb_ebpf_main.o
02:12:52 DEBUG xlb_libdp.c:2306: ntc qdisc add dev eflb0h1 clsact 2>&1 >/dev/null
AUTOLOAD: sec tc_packet_hook1 prog tc_packet_func
AUTOLOAD: sec tc_packet_hook2 prog tc_packet_func_slow
AUTOLOAD: sec tc_packet_hook3 prog tc_packet_func_fw
AUTOLOAD: sec tc_packet_hook4 prog tc_csum_func1
AUTOLOAD: sec tc_packet_hook5 prog tc_csum_func2
AUTOLOAD: sec tc_packet_hook6 prog tc_slow_unp_func
02:12:53 DEBUG xlb_libdp.c:2311: ntc filter add dev eflb0h1 ingress bpf da obj /opt/fsmxlb/llb_ebpf_main.o sec tc_packet_hook0 2>&1
02:12:53 DEBUG xlb_libdp.c:2164: llb_link_prop_add: IF-eflb0h1 added idx 6 type 2
2023-09-15 02:12:53 ebpf intfmap added - 8 vlan 0 -> 15
2023-09-15 02:12:53 ebpf txintfmap added - 15 -> 8
*xlbnet.RouteDpWorkQ {
 "Work": 1,
 "Status": 0,
 "ZoneNum": 1,
 "Dst": {
  "IP": "10.10.10.0",
  "Mask": "////AA=="
 },
 "RtType": 4,
 "RtMark": 28,
 "NMark": -1
}


*xlbnet.RouterMacDpWorkQ {
 "Work": 1,
 "Status": 0,
 "L2Addr": [
  202,
  243,
  112,
  248,
  64,
  151
 ],
 "PortNum": 15,
 "BD": 0,
 "TunID": 0,
 "TunType": 0,
 "NhNum": 0
}


*xlbnet.NextHopDpWorkQ {
 "Work": 1,
 "Status": 0,
 "TunNh": false,
 "TunID": 0,
 "TunType": 0,
 "RIP": "",
 "SIP": "",
 "NNextHopNum": 0,
 "NextHopNum": 11,
 "Resolved": true,
 "DstAddr": [
  210,
  233,
  129,
  96,
  191,
  204
 ],
 "SrcAddr": [
  58,
  229,
  154,
  143,
  120,
  195
 ],
 "BD": 3813
}


*xlbnet.RouteDpWorkQ {
 "Work": 1,
 "Status": 0,
 "ZoneNum": 1,
 "Dst": {
  "IP": "33.33.33.1",
  "Mask": "/////w=="
 },
 "RtType": 9,
 "RtMark": 29,
 "NMark": 11
}


*xlbnet.L2AddrDpWorkQ {
 "Work": 1,
 "Status": 0,
 "L2Addr": [
  210,
  233,
  129,
  96,
  191,
  204
 ],
 "Tun": 0,
 "NhNum": 0,
 "PortNum": 13,
 "BD": 3813,
 "Tagged": 0
}


*xlbnet.RouteDpWorkQ {
 "Work": 1,
 "Status": 0,
 "ZoneNum": 1,
 "Dst": {
  "IP": "fe80::d062:c6ff:fe7e:8340",
  "Mask": "/////////////////////w=="
 },
 "RtType": 4,
 "RtMark": 30,
 "NMark": -1
}


*xlbnet.RouteDpWorkQ {
 "Work": 1,
 "Status": 0,
 "ZoneNum": 1,
 "Dst": {
  "IP": "10.10.10.254",
  "Mask": "/////w=="
 },
 "RtType": 4,
 "RtMark": 31,
 "NMark": -1
}


*xlbnet.RouteDpWorkQ {
 "Work": 1,
 "Status": 0,
 "ZoneNum": 1,
 "Dst": {
  "IP": "10.10.10.255",
  "Mask": "/////w=="
 },
 "RtType": 4,
 "RtMark": 32,
 "NMark": -1
}


2023-09-15 02:12:53 rt add - fe80::/64:root exists
2023-09-15 02:12:53  - fe80::38e5:9aff:fe8f:78c3:eflb0ep3 self-rt error
2023-09-15 02:12:53 [NLP] Address fe80::38e5:9aff:fe8f:78c3/64 Port eflb0ep3 add failed
self-route add error
2023-09-15 02:12:53 neigh rtpair - 10.10.10.1/32->10.10.10.1
2023-09-15 02:12:53 rt added - 10.10.10.1/32:root
2023-09-15 02:12:53 added fdb ent, {[6 173 36 184 190 159] 3815}
2023-09-15 02:12:53 neigh added - 10.10.10.1:root (12)
2023-09-15 02:12:53 rt added - fe80::38e5:9aff:fe8f:78c3/128:root
2023-09-15 02:12:53 [NLP] RT  fe80::38e5:9aff:fe8f:78c3/128 added
*xlbnet.NextHopDpWorkQ {
 "Work": 1,
 "Status": 0,
 "TunNh": false,
 "TunID": 0,
 "TunType": 0,
 "RIP": "",
 "SIP": "",
 "NNextHopNum": 0,
 "NextHopNum": 12,
 "Resolved": true,
 "DstAddr": [
  6,
  173,
  36,
  184,
  190,
  159
 ],
 "SrcAddr": [
  202,
  243,
  112,
  248,
  64,
  151
 ],
 "BD": 3815
}


*xlbnet.RouteDpWorkQ {
 "Work": 1,
 "Status": 0,
 "ZoneNum": 1,
 "Dst": {
  "IP": "10.10.10.1",
  "Mask": "/////w=="
 },
 "RtType": 9,
 "RtMark": 33,
 "NMark": 12
}


*xlbnet.L2AddrDpWorkQ {
 "Work": 1,
 "Status": 0,
 "L2Addr": [
  6,
  173,
  36,
  184,
  190,
  159
 ],
 "Tun": 0,
 "NhNum": 0,
 "PortNum": 15,
 "BD": 3815,
 "Tagged": 0
}


*xlbnet.RouteDpWorkQ {
 "Work": 1,
 "Status": 0,
 "ZoneNum": 1,
 "Dst": {
  "IP": "fe80::38e5:9aff:fe8f:78c3",
  "Mask": "/////////////////////w=="
 },
 "RtType": 4,
 "RtMark": 34,
 "NMark": -1
}


2023-09-15 02:12:54 rt add - fe80::/64:root exists
2023-09-15 02:12:54  - fe80::c8f3:70ff:fef8:4097:eflb0h1 self-rt error
2023-09-15 02:12:54 [NLP] Address fe80::c8f3:70ff:fef8:4097/64 Port eflb0h1 add failed
self-route add error
2023-09-15 02:12:54 rt added - fe80::c8f3:70ff:fef8:4097/128:root
2023-09-15 02:12:54 [NLP] RT  fe80::c8f3:70ff:fef8:4097/128 added
*xlbnet.RouteDpWorkQ {
 "Work": 1,
 "Status": 0,
 "ZoneNum": 1,
 "Dst": {
  "IP": "fe80::c8f3:70ff:fef8:4097",
  "Mask": "/////////////////////w=="
 },
 "RtType": 4,
 "RtMark": 35,
 "NMark": -1
}



02:13:02 TRACE xlb_libdp.c:1947: ct: #32.32.32.1:2083 -> 32.32.32.254:2083 (1)# rid:0 est:0 nat:0 (Aged:10912122592ns:0:0)
02:13:02 TRACE xlb_libdp.c:1947: ct: #32.32.32.1:2 -> 32.32.32.254:2 (1)# rid:0 est:0 nat:0 (Aged:10922251624ns:0:0)
02:13:02 TRACE xlb_libdp.c:1873: ct: rdir not found #32.32.32.1:2083 -> 32.32.32.254:2083 (1)#
02:13:02 TRACE xlb_libdp.c:1873: ct: rdir not found #32.32.32.1:2 -> 32.32.32.254:2 (1)#
02:13:02 TRACE xlb_libdp.c:1947: ct: #185.125.190.58:123 -> 192.168.127.11:57569 (17)# rid:0 est:0 nat:0 (Aged:25050826797ns:0:0)
02:13:02 TRACE xlb_libdp.c:1873: ct: rdir not found #185.125.190.58:123 -> 192.168.127.11:57569 (17)#


